<?xml version="1.0" encoding="UTF-8"?>
<!-- Generated by org.testng.reporters.JUnitXMLReporter -->
<testsuite ignored="0" hostname="DESKTOP-0DHIDHG" failures="0" tests="4" name="Surefire test" time="31.225" errors="0" timestamp="2025-04-09T11:42:34 IST">
  <testcase classname="TD.regression.TestLogin" name="firstTestCase" time="0.01"/>
  <testcase classname="TD.regression.TestSetUp" name="tdtestTitle" time="3.599"/>
  <testcase classname="TD.regression.TestSetUp" name="tdfirstTestCase" time="0.002"/>
  <testcase classname="TD.regression.TestSetUp" name="tdtestApplication" time="24.408"/>
</testsuite> <!-- Surefire test -->
