<?xml version="1.0" encoding="UTF-8"?>
<testsuite xmlns:xsi="http://www.w3.org/2001/XMLSchema-instance" xsi:noNamespaceSchemaLocation="https://maven.apache.org/surefire/maven-surefire-plugin/xsd/surefire-test-report-3.0.xsd" version="3.0" name="TestSuite" time="31.998" tests="4" errors="0" skipped="0" failures="0">
  <properties>
[...]
</properties>
  <testcase name="firstTestCase" classname="TD.regression.TestLogin" time="0.013">
    <system-out><![CDATA[ priority = 3 My first Test case
]]></system-out>
  </testcase>
  <testcase name="tdtestTitle" classname="TD.regression.TestSetUp" time="3.598">
    <system-out><![CDATA[priority = 1 
]]></system-out>
    <system-err><![CDATA[Apr 09, 2025 11:42:05 AM org.openqa.selenium.devtools.CdpVersionFinder findNearestMatch
WARNING: Unable to find CDP implementation matching 135
Apr 09, 2025 11:42:05 AM org.openqa.selenium.chromium.ChromiumDriver lambda$new$5
WARNING: Unable to find version of CDP to use for 135.0.7049.42. You may need to include a dependency on a specific version of the CDP using something similar to `org.seleniumhq.selenium:selenium-devtools-v86:4.16.1` where the version ("v86") matches the version of the chromium-based browser you're using and the version number of the artifact is the same as Selenium's.
]]></system-err>
  </testcase>
  <testcase name="tdfirstTestCase" classname="TD.regression.TestSetUp" time="0.003">
    <system-out><![CDATA[priority = 2 Temple Dekho
]]></system-out>
  </testcase>
  <testcase name="tdtestApplication" classname="TD.regression.TestSetUp" time="24.413">
    <system-out><![CDATA[Verify your number
Code is sent to xxxxxx2522
Resend available in 1:51
Resend OTP
CONFIRM
1
2
1
2
1
2

======in loop
Home exist
======in loop
Temple exist
======in loop
Puja exist
======in loop
Chadhava exist
======in loop
Prasad exist
======in loop
Blog exist
======in loop
Darshan exist
======out loop
]]></system-out>
  </testcase>
</testsuite>