<?xml version="1.0" encoding="UTF-8"?>
<testng-results ignored="0" total="4" passed="4" failed="0" skipped="0">
  <reporter-output>
  </reporter-output>
  <suite started-at="2025-04-09T11:42:03 IST" name="Surefire suite" finished-at="2025-04-09T11:42:34 IST" duration-ms="31225">
    <groups>
    </groups>
    <test started-at="2025-04-09T11:42:03 IST" name="Surefire test" finished-at="2025-04-09T11:42:34 IST" duration-ms="31225">
      <class name="TD.regression.TestSetUp">
        <test-method is-config="true" signature="setup()[pri:0, instance:TD.regression.TestSetUp@163e4e87]" started-at="2025-04-09T11:42:03 IST" name="setup" finished-at="2025-04-09T11:42:05 IST" duration-ms="2247" status="PASS">
          <reporter-output>
          </reporter-output>
        </test-method> <!-- setup -->
        <test-method signature="tdtestTitle()[pri:1, instance:TD.regression.TestSetUp@163e4e87]" started-at="2025-04-09T11:42:05 IST" name="tdtestTitle" finished-at="2025-04-09T11:42:09 IST" duration-ms="3599" status="PASS">
          <reporter-output>
          </reporter-output>
        </test-method> <!-- tdtestTitle -->
        <test-method signature="tdfirstTestCase()[pri:2, instance:TD.regression.TestSetUp@163e4e87]" started-at="2025-04-09T11:42:09 IST" name="tdfirstTestCase" finished-at="2025-04-09T11:42:09 IST" duration-ms="2" status="PASS">
          <reporter-output>
          </reporter-output>
        </test-method> <!-- tdfirstTestCase -->
        <test-method signature="tdtestApplication()[pri:2, instance:TD.regression.TestSetUp@163e4e87]" started-at="2025-04-09T11:42:09 IST" name="tdtestApplication" finished-at="2025-04-09T11:42:33 IST" duration-ms="24408" status="PASS">
          <reporter-output>
          </reporter-output>
        </test-method> <!-- tdtestApplication -->
        <test-method is-config="true" signature="teardown()[pri:0, instance:TD.regression.TestSetUp@163e4e87]" started-at="2025-04-09T11:42:33 IST" name="teardown" finished-at="2025-04-09T11:42:34 IST" duration-ms="889" status="PASS">
          <reporter-output>
          </reporter-output>
        </test-method> <!-- teardown -->
      </class> <!-- TD.regression.TestSetUp -->
      <class name="TD.regression.TestLogin">
        <test-method signature="firstTestCase()[pri:3, instance:TD.regression.TestLogin@75f32542]" started-at="2025-04-09T11:42:03 IST" name="firstTestCase" finished-at="2025-04-09T11:42:03 IST" duration-ms="10" status="PASS">
          <reporter-output>
          </reporter-output>
        </test-method> <!-- firstTestCase -->
      </class> <!-- TD.regression.TestLogin -->
    </test> <!-- Surefire test -->
  </suite> <!-- Surefire suite -->
</testng-results>
