<?xml version="1.0" encoding="UTF-8"?>
<testng-results ignored="0" total="10" passed="9" failed="1" skipped="0">
  <reporter-output>
  </reporter-output>
  <suite started-at="2025-04-11T14:07:18 IST" name="Suite" finished-at="2025-04-11T14:08:15 IST" duration-ms="56818">
    <groups>
    </groups>
    <test started-at="2025-04-11T14:07:18 IST" name="TempleDekho Test" finished-at="2025-04-11T14:08:15 IST" duration-ms="56818">
      <class name="TD.regression.TestSetUp">
        <test-method is-config="true" signature="setupReport()[pri:0, instance:TD.regression.TestSetUp@6356695f]" started-at="2025-04-11T14:07:18 IST" name="setupReport" finished-at="2025-04-11T14:07:18 IST" duration-ms="239" status="PASS">
          <reporter-output>
          </reporter-output>
        </test-method> <!-- setupReport -->
        <test-method is-config="true" signature="setup()[pri:0, instance:TD.regression.TestSetUp@6356695f]" started-at="2025-04-11T14:07:19 IST" name="setup" finished-at="2025-04-11T14:07:20 IST" duration-ms="1410" status="PASS">
          <reporter-output>
          </reporter-output>
        </test-method> <!-- setup -->
        <test-method signature="validatePageTitle()[pri:1, instance:TD.regression.TestSetUp@6356695f]" started-at="2025-04-11T14:07:20 IST" name="validatePageTitle" finished-at="2025-04-11T14:07:22 IST" duration-ms="2040" status="PASS">
          <reporter-output>
          </reporter-output>
        </test-method> <!-- validatePageTitle -->
        <test-method signature="loginTest()[pri:2, instance:TD.regression.TestSetUp@6356695f]" started-at="2025-04-11T14:07:22 IST" name="loginTest" finished-at="2025-04-11T14:07:33 IST" duration-ms="11259" status="PASS">
          <reporter-output>
          </reporter-output>
        </test-method> <!-- loginTest -->
        <test-method signature="enterOTPTest()[pri:3, instance:TD.regression.TestSetUp@6356695f]" started-at="2025-04-11T14:07:33 IST" name="enterOTPTest" finished-at="2025-04-11T14:08:14 IST" duration-ms="40412" status="PASS">
          <reporter-output>
          </reporter-output>
        </test-method> <!-- enterOTPTest -->
        <test-method signature="verifyNavigationMenuItems()[pri:4, instance:TD.regression.TestSetUp@6356695f]" started-at="2025-04-11T14:08:14 IST" name="verifyNavigationMenuItems" finished-at="2025-04-11T14:08:14 IST" duration-ms="417" status="FAIL">
          <exception class="org.openqa.selenium.StaleElementReferenceException">
            <message>
              <![CDATA[stale element reference: stale element not found in the current frame
  (Session info: chrome=135.0.7049.42)
For documentation on this error, please visit: https://www.selenium.dev/documentation/webdriver/troubleshooting/errors#stale-element-reference-exception
Build info: version: '4.16.1', revision: '9b4c83354e'
System info: os.name: 'Windows 11', os.arch: 'amd64', os.version: '10.0', java.version: '21.0.6'
Driver info: org.openqa.selenium.chrome.ChromeDriver
Command: [b89782c2ead2f3572c5a42cc648b02e8, getElementText {id=f.A655D19B51628431AADCC37D7B977FD0.d.D2E46AD6906C0889203ECDEE0BDA9080.e.93}]
Capabilities {acceptInsecureCerts: false, browserName: chrome, browserVersion: 135.0.7049.42, chrome: {chromedriverVersion: 135.0.7049.42 (0f351bbd2617..., userDataDir: C:\Users\rashm\AppData\Loca...}, fedcm:accounts: true, goog:chromeOptions: {debuggerAddress: localhost:56351}, networkConnectionEnabled: false, pageLoadStrategy: normal, platformName: windows, proxy: Proxy(), se:cdp: ws://localhost:56351/devtoo..., se:cdpVersion: 135.0.7049.42, setWindowRect: true, strictFileInteractability: false, timeouts: {implicit: 0, pageLoad: 300000, script: 30000}, unhandledPromptBehavior: dismiss and notify, webauthn:extension:credBlob: true, webauthn:extension:largeBlob: true, webauthn:extension:minPinLength: true, webauthn:extension:prf: true, webauthn:virtualAuthenticators: true}
Element: [[ChromeDriver: chrome on windows (b89782c2ead2f3572c5a42cc648b02e8)] -> xpath: //ul[@class='links']/li]
Session ID: b89782c2ead2f3572c5a42cc648b02e8]]>
            </message>
            <full-stacktrace>
              <![CDATA[org.openqa.selenium.StaleElementReferenceException: stale element reference: stale element not found in the current frame
  (Session info: chrome=135.0.7049.42)
For documentation on this error, please visit: https://www.selenium.dev/documentation/webdriver/troubleshooting/errors#stale-element-reference-exception
Build info: version: '4.16.1', revision: '9b4c83354e'
System info: os.name: 'Windows 11', os.arch: 'amd64', os.version: '10.0', java.version: '21.0.6'
Driver info: org.openqa.selenium.chrome.ChromeDriver
Command: [b89782c2ead2f3572c5a42cc648b02e8, getElementText {id=f.A655D19B51628431AADCC37D7B977FD0.d.D2E46AD6906C0889203ECDEE0BDA9080.e.93}]
Capabilities {acceptInsecureCerts: false, browserName: chrome, browserVersion: 135.0.7049.42, chrome: {chromedriverVersion: 135.0.7049.42 (0f351bbd2617..., userDataDir: C:\Users\rashm\AppData\Loca...}, fedcm:accounts: true, goog:chromeOptions: {debuggerAddress: localhost:56351}, networkConnectionEnabled: false, pageLoadStrategy: normal, platformName: windows, proxy: Proxy(), se:cdp: ws://localhost:56351/devtoo..., se:cdpVersion: 135.0.7049.42, setWindowRect: true, strictFileInteractability: false, timeouts: {implicit: 0, pageLoad: 300000, script: 30000}, unhandledPromptBehavior: dismiss and notify, webauthn:extension:credBlob: true, webauthn:extension:largeBlob: true, webauthn:extension:minPinLength: true, webauthn:extension:prf: true, webauthn:virtualAuthenticators: true}
Element: [[ChromeDriver: chrome on windows (b89782c2ead2f3572c5a42cc648b02e8)] -> xpath: //ul[@class='links']/li]
Session ID: b89782c2ead2f3572c5a42cc648b02e8
at java.base/jdk.internal.reflect.DirectConstructorHandleAccessor.newInstance(DirectConstructorHandleAccessor.java:62)
at java.base/java.lang.reflect.Constructor.newInstanceWithCaller(Constructor.java:502)
at java.base/java.lang.reflect.Constructor.newInstance(Constructor.java:486)
at org.openqa.selenium.remote.codec.w3c.W3CHttpResponseCodec.createException(W3CHttpResponseCodec.java:200)
at org.openqa.selenium.remote.codec.w3c.W3CHttpResponseCodec.decode(W3CHttpResponseCodec.java:133)
at org.openqa.selenium.remote.codec.w3c.W3CHttpResponseCodec.decode(W3CHttpResponseCodec.java:52)
at org.openqa.selenium.remote.HttpCommandExecutor.execute(HttpCommandExecutor.java:191)
at org.openqa.selenium.remote.service.DriverCommandExecutor.invokeExecute(DriverCommandExecutor.java:200)
at org.openqa.selenium.remote.service.DriverCommandExecutor.execute(DriverCommandExecutor.java:175)
at org.openqa.selenium.remote.RemoteWebDriver.execute(RemoteWebDriver.java:523)
at org.openqa.selenium.remote.RemoteWebElement.execute(RemoteWebElement.java:224)
at org.openqa.selenium.remote.RemoteWebElement.getText(RemoteWebElement.java:192)
at TD.regression.TestSetUp.verifyNavigationMenuItems(TestSetUp.java:123)
at java.base/jdk.internal.reflect.DirectMethodHandleAccessor.invoke(DirectMethodHandleAccessor.java:103)
at java.base/java.lang.reflect.Method.invoke(Method.java:580)
at org.testng.internal.invokers.MethodInvocationHelper.invokeMethod(MethodInvocationHelper.java:139)
at org.testng.internal.invokers.TestInvoker.invokeMethod(TestInvoker.java:677)
at org.testng.internal.invokers.TestInvoker.invokeTestMethod(TestInvoker.java:221)
at org.testng.internal.invokers.MethodRunner.runInSequence(MethodRunner.java:50)
at org.testng.internal.invokers.TestInvoker$MethodInvocationAgent.invoke(TestInvoker.java:962)
at org.testng.internal.invokers.TestInvoker.invokeTestMethods(TestInvoker.java:194)
at org.testng.internal.invokers.TestMethodWorker.invokeTestMethods(TestMethodWorker.java:148)
at org.testng.internal.invokers.TestMethodWorker.run(TestMethodWorker.java:128)
at java.base/java.util.ArrayList.forEach(ArrayList.java:1596)
at org.testng.TestRunner.privateRun(TestRunner.java:806)
at org.testng.TestRunner.run(TestRunner.java:601)
at org.testng.SuiteRunner.runTest(SuiteRunner.java:433)
at org.testng.SuiteRunner.runSequentially(SuiteRunner.java:427)
at org.testng.SuiteRunner.privateRun(SuiteRunner.java:387)
at org.testng.SuiteRunner.run(SuiteRunner.java:330)
at org.testng.SuiteRunnerWorker.runSuite(SuiteRunnerWorker.java:52)
at org.testng.SuiteRunnerWorker.run(SuiteRunnerWorker.java:95)
at org.testng.TestNG.runSuitesSequentially(TestNG.java:1256)
at org.testng.TestNG.runSuitesLocally(TestNG.java:1176)
at org.testng.TestNG.runSuites(TestNG.java:1099)
at org.testng.TestNG.run(TestNG.java:1067)
at org.apache.maven.surefire.testng.TestNGExecutor.run(TestNGExecutor.java:308)
at org.apache.maven.surefire.testng.TestNGXmlTestSuite.execute(TestNGXmlTestSuite.java:71)
at org.apache.maven.surefire.testng.TestNGProvider.invoke(TestNGProvider.java:113)
at org.apache.maven.surefire.booter.ForkedBooter.runSuitesInProcess(ForkedBooter.java:385)
at org.apache.maven.surefire.booter.ForkedBooter.execute(ForkedBooter.java:162)
at org.apache.maven.surefire.booter.ForkedBooter.run(ForkedBooter.java:507)
at org.apache.maven.surefire.booter.ForkedBooter.main(ForkedBooter.java:495)
]]>
            </full-stacktrace>
          </exception> <!-- org.openqa.selenium.StaleElementReferenceException -->
          <reporter-output>
          </reporter-output>
        </test-method> <!-- verifyNavigationMenuItems -->
        <test-method signature="scrollTest()[pri:5, instance:TD.regression.TestSetUp@6356695f]" started-at="2025-04-11T14:08:14 IST" name="scrollTest" finished-at="2025-04-11T14:08:14 IST" duration-ms="49" status="PASS">
          <reporter-output>
          </reporter-output>
        </test-method> <!-- scrollTest -->
        <test-method signature="printAllMenuItems()[pri:6, instance:TD.regression.TestSetUp@6356695f]" started-at="2025-04-11T14:08:14 IST" name="printAllMenuItems" finished-at="2025-04-11T14:08:14 IST" duration-ms="97" status="PASS">
          <reporter-output>
          </reporter-output>
        </test-method> <!-- printAllMenuItems -->
        <test-method signature="loginUserTest()[pri:7, instance:TD.regression.TestSetUp@6356695f]" started-at="2025-04-11T14:08:14 IST" name="loginUserTest" finished-at="2025-04-11T14:08:14 IST" duration-ms="143" status="PASS">
          <reporter-output>
          </reporter-output>
        </test-method> <!-- loginUserTest -->
        <test-method signature="loginUserNameTest()[pri:8, instance:TD.regression.TestSetUp@6356695f]" started-at="2025-04-11T14:08:14 IST" name="loginUserNameTest" finished-at="2025-04-11T14:08:15 IST" duration-ms="572" status="PASS">
          <reporter-output>
          </reporter-output>
        </test-method> <!-- loginUserNameTest -->
        <test-method signature="pujaCardTest()[pri:9, instance:TD.regression.TestSetUp@6356695f]" started-at="2025-04-11T14:08:15 IST" name="pujaCardTest" finished-at="2025-04-11T14:08:15 IST" duration-ms="96" status="PASS">
          <reporter-output>
          </reporter-output>
        </test-method> <!-- pujaCardTest -->
        <test-method is-config="true" signature="tearDown()[pri:0, instance:TD.regression.TestSetUp@6356695f]" started-at="2025-04-11T14:08:15 IST" name="tearDown" finished-at="2025-04-11T14:08:15 IST" duration-ms="276" status="PASS">
          <reporter-output>
          </reporter-output>
        </test-method> <!-- tearDown -->
        <test-method is-config="true" signature="tearDownReport()[pri:0, instance:TD.regression.TestSetUp@6356695f]" started-at="2025-04-11T14:08:15 IST" name="tearDownReport" finished-at="2025-04-11T14:08:16 IST" duration-ms="280" status="PASS">
          <reporter-output>
          </reporter-output>
        </test-method> <!-- tearDownReport -->
      </class> <!-- TD.regression.TestSetUp -->
      <class name="TD.regression.TestLogin">
        <test-method signature="firstTestCase()[pri:3, instance:TD.regression.TestLogin@7722c3c3]" started-at="2025-04-11T14:07:19 IST" name="firstTestCase" finished-at="2025-04-11T14:07:19 IST" duration-ms="3" status="PASS">
          <reporter-output>
          </reporter-output>
        </test-method> <!-- firstTestCase -->
      </class> <!-- TD.regression.TestLogin -->
    </test> <!-- TempleDekho Test -->
  </suite> <!-- Suite -->
</testng-results>
