<?xml version="1.0" encoding="UTF-8"?>
<testng-results ignored="0" total="9" passed="8" failed="1" skipped="0">
  <reporter-output>
  </reporter-output>
  <suite started-at="2025-04-11T11:52:02 IST" name="Default suite" finished-at="2025-04-11T11:53:08 IST" duration-ms="66662">
    <groups>
    </groups>
    <test started-at="2025-04-11T11:52:02 IST" name="Default test" finished-at="2025-04-11T11:53:08 IST" duration-ms="66662">
      <class name="TD.regression.TestSetUp">
        <test-method is-config="true" signature="setup()[pri:0, instance:TD.regression.TestSetUp@3eb738bb]" started-at="2025-04-11T11:52:02 IST" name="setup" finished-at="2025-04-11T11:52:03 IST" duration-ms="1350" status="PASS">
          <reporter-output>
          </reporter-output>
        </test-method> <!-- setup -->
        <test-method signature="validatePageTitle()[pri:1, instance:TD.regression.TestSetUp@3eb738bb]" started-at="2025-04-11T11:52:03 IST" name="validatePageTitle" finished-at="2025-04-11T11:52:05 IST" duration-ms="2105" status="PASS">
          <reporter-output>
          </reporter-output>
        </test-method> <!-- validatePageTitle -->
        <test-method signature="loginTest()[pri:2, instance:TD.regression.TestSetUp@3eb738bb]" started-at="2025-04-11T11:52:05 IST" name="loginTest" finished-at="2025-04-11T11:52:16 IST" duration-ms="11278" status="PASS">
          <reporter-output>
          </reporter-output>
        </test-method> <!-- loginTest -->
        <test-method signature="enterOTPTest()[pri:3, instance:TD.regression.TestSetUp@3eb738bb]" started-at="2025-04-11T11:52:16 IST" name="enterOTPTest" finished-at="2025-04-11T11:52:57 IST" duration-ms="40458" status="PASS">
          <reporter-output>
          </reporter-output>
        </test-method> <!-- enterOTPTest -->
        <test-method signature="verifyNavigationMenuItems()[pri:4, instance:TD.regression.TestSetUp@3eb738bb]" started-at="2025-04-11T11:52:57 IST" name="verifyNavigationMenuItems" finished-at="2025-04-11T11:53:07 IST" duration-ms="10230" status="FAIL">
          <exception class="org.openqa.selenium.StaleElementReferenceException">
            <message>
              <![CDATA[stale element reference: stale element not found in the current frame
  (Session info: chrome=135.0.7049.42)
For documentation on this error, please visit: https://www.selenium.dev/documentation/webdriver/troubleshooting/errors#stale-element-reference-exception
Build info: version: '4.16.1', revision: '9b4c83354e'
System info: os.name: 'Windows 11', os.arch: 'amd64', os.version: '10.0', java.version: '21.0.6'
Driver info: org.openqa.selenium.chrome.ChromeDriver
Command: [af764aae0cb5211fba952dc262248713, getElementText {id=f.74183DD0EFBBE951586544959C1997D2.d.794A0E1FF6BC907BA7920BEEF24A9D3A.e.101}]
Capabilities {acceptInsecureCerts: false, browserName: chrome, browserVersion: 135.0.7049.42, chrome: {chromedriverVersion: 135.0.7049.42 (0f351bbd2617..., userDataDir: C:\Users\rashm\AppData\Loca...}, fedcm:accounts: true, goog:chromeOptions: {debuggerAddress: localhost:53469}, networkConnectionEnabled: false, pageLoadStrategy: normal, platformName: windows, proxy: Proxy(), se:cdp: ws://localhost:53469/devtoo..., se:cdpVersion: 135.0.7049.42, setWindowRect: true, strictFileInteractability: false, timeouts: {implicit: 0, pageLoad: 300000, script: 30000}, unhandledPromptBehavior: dismiss and notify, webauthn:extension:credBlob: true, webauthn:extension:largeBlob: true, webauthn:extension:minPinLength: true, webauthn:extension:prf: true, webauthn:virtualAuthenticators: true}
Element: [[ChromeDriver: chrome on windows (af764aae0cb5211fba952dc262248713)] -> xpath: //ul[@class='links']/li]
Session ID: af764aae0cb5211fba952dc262248713]]>
            </message>
            <full-stacktrace>
              <![CDATA[org.openqa.selenium.StaleElementReferenceException: stale element reference: stale element not found in the current frame
  (Session info: chrome=135.0.7049.42)
For documentation on this error, please visit: https://www.selenium.dev/documentation/webdriver/troubleshooting/errors#stale-element-reference-exception
Build info: version: '4.16.1', revision: '9b4c83354e'
System info: os.name: 'Windows 11', os.arch: 'amd64', os.version: '10.0', java.version: '21.0.6'
Driver info: org.openqa.selenium.chrome.ChromeDriver
Command: [af764aae0cb5211fba952dc262248713, getElementText {id=f.74183DD0EFBBE951586544959C1997D2.d.794A0E1FF6BC907BA7920BEEF24A9D3A.e.101}]
Capabilities {acceptInsecureCerts: false, browserName: chrome, browserVersion: 135.0.7049.42, chrome: {chromedriverVersion: 135.0.7049.42 (0f351bbd2617..., userDataDir: C:\Users\rashm\AppData\Loca...}, fedcm:accounts: true, goog:chromeOptions: {debuggerAddress: localhost:53469}, networkConnectionEnabled: false, pageLoadStrategy: normal, platformName: windows, proxy: Proxy(), se:cdp: ws://localhost:53469/devtoo..., se:cdpVersion: 135.0.7049.42, setWindowRect: true, strictFileInteractability: false, timeouts: {implicit: 0, pageLoad: 300000, script: 30000}, unhandledPromptBehavior: dismiss and notify, webauthn:extension:credBlob: true, webauthn:extension:largeBlob: true, webauthn:extension:minPinLength: true, webauthn:extension:prf: true, webauthn:virtualAuthenticators: true}
Element: [[ChromeDriver: chrome on windows (af764aae0cb5211fba952dc262248713)] -> xpath: //ul[@class='links']/li]
Session ID: af764aae0cb5211fba952dc262248713
at java.base/jdk.internal.reflect.DirectConstructorHandleAccessor.newInstance(DirectConstructorHandleAccessor.java:62)
at java.base/java.lang.reflect.Constructor.newInstanceWithCaller(Constructor.java:502)
at java.base/java.lang.reflect.Constructor.newInstance(Constructor.java:486)
at org.openqa.selenium.remote.codec.w3c.W3CHttpResponseCodec.createException(W3CHttpResponseCodec.java:200)
at org.openqa.selenium.remote.codec.w3c.W3CHttpResponseCodec.decode(W3CHttpResponseCodec.java:133)
at org.openqa.selenium.remote.codec.w3c.W3CHttpResponseCodec.decode(W3CHttpResponseCodec.java:52)
at org.openqa.selenium.remote.HttpCommandExecutor.execute(HttpCommandExecutor.java:191)
at org.openqa.selenium.remote.service.DriverCommandExecutor.invokeExecute(DriverCommandExecutor.java:200)
at org.openqa.selenium.remote.service.DriverCommandExecutor.execute(DriverCommandExecutor.java:175)
at org.openqa.selenium.remote.RemoteWebDriver.execute(RemoteWebDriver.java:523)
at org.openqa.selenium.remote.RemoteWebElement.execute(RemoteWebElement.java:224)
at org.openqa.selenium.remote.RemoteWebElement.getText(RemoteWebElement.java:192)
at TD.regression.TestSetUp.verifyNavigationMenuItems(TestSetUp.java:121)
at java.base/jdk.internal.reflect.DirectMethodHandleAccessor.invoke(DirectMethodHandleAccessor.java:103)
at java.base/java.lang.reflect.Method.invoke(Method.java:580)
at org.testng.internal.invokers.MethodInvocationHelper.invokeMethod(MethodInvocationHelper.java:141)
at org.testng.internal.invokers.TestInvoker.invokeMethod(TestInvoker.java:687)
at org.testng.internal.invokers.TestInvoker.invokeTestMethod(TestInvoker.java:230)
at org.testng.internal.invokers.MethodRunner.runInSequence(MethodRunner.java:63)
at org.testng.internal.invokers.TestInvoker$MethodInvocationAgent.invoke(TestInvoker.java:995)
at org.testng.internal.invokers.TestInvoker.invokeTestMethods(TestInvoker.java:203)
at org.testng.internal.invokers.TestMethodWorker.invokeTestMethods(TestMethodWorker.java:154)
at org.testng.internal.invokers.TestMethodWorker.run(TestMethodWorker.java:134)
at java.base/java.util.ArrayList.forEach(ArrayList.java:1596)
at org.testng.TestRunner.privateRun(TestRunner.java:741)
at org.testng.TestRunner.run(TestRunner.java:616)
at org.testng.SuiteRunner.runTest(SuiteRunner.java:421)
at org.testng.SuiteRunner.runSequentially(SuiteRunner.java:413)
at org.testng.SuiteRunner.privateRun(SuiteRunner.java:373)
at org.testng.SuiteRunner.run(SuiteRunner.java:312)
at org.testng.SuiteRunnerWorker.runSuite(SuiteRunnerWorker.java:52)
at org.testng.SuiteRunnerWorker.run(SuiteRunnerWorker.java:95)
at org.testng.TestNG.runSuitesSequentially(TestNG.java:1274)
at org.testng.TestNG.runSuitesLocally(TestNG.java:1208)
at org.testng.TestNG.runSuites(TestNG.java:1112)
at org.testng.TestNG.run(TestNG.java:1079)
at org.testng.remote.AbstractRemoteTestNG.run(AbstractRemoteTestNG.java:115)
at org.testng.remote.RemoteTestNG.initAndRun(RemoteTestNG.java:293)
at org.testng.remote.RemoteTestNG.main(RemoteTestNG.java:91)
]]>
            </full-stacktrace>
          </exception> <!-- org.openqa.selenium.StaleElementReferenceException -->
          <reporter-output>
          </reporter-output>
        </test-method> <!-- verifyNavigationMenuItems -->
        <test-method signature="scrollTest()[pri:5, instance:TD.regression.TestSetUp@3eb738bb]" started-at="2025-04-11T11:53:07 IST" name="scrollTest" finished-at="2025-04-11T11:53:07 IST" duration-ms="46" status="PASS">
          <reporter-output>
          </reporter-output>
        </test-method> <!-- scrollTest -->
        <test-method signature="printAllMenuItems()[pri:6, instance:TD.regression.TestSetUp@3eb738bb]" started-at="2025-04-11T11:53:07 IST" name="printAllMenuItems" finished-at="2025-04-11T11:53:07 IST" duration-ms="67" status="PASS">
          <reporter-output>
          </reporter-output>
        </test-method> <!-- printAllMenuItems -->
        <test-method signature="loginUserTest()[pri:7, instance:TD.regression.TestSetUp@3eb738bb]" started-at="2025-04-11T11:53:07 IST" name="loginUserTest" finished-at="2025-04-11T11:53:07 IST" duration-ms="90" status="PASS">
          <reporter-output>
          </reporter-output>
        </test-method> <!-- loginUserTest -->
        <test-method signature="loginUserNameTest()[pri:8, instance:TD.regression.TestSetUp@3eb738bb]" started-at="2025-04-11T11:53:07 IST" name="loginUserNameTest" finished-at="2025-04-11T11:53:08 IST" duration-ms="593" status="PASS">
          <reporter-output>
          </reporter-output>
        </test-method> <!-- loginUserNameTest -->
        <test-method signature="pujaCardTest()[pri:9, instance:TD.regression.TestSetUp@3eb738bb]" started-at="2025-04-11T11:53:08 IST" name="pujaCardTest" finished-at="2025-04-11T11:53:08 IST" duration-ms="84" status="PASS">
          <reporter-output>
          </reporter-output>
        </test-method> <!-- pujaCardTest -->
        <test-method is-config="true" signature="teardown()[pri:0, instance:TD.regression.TestSetUp@3eb738bb]" started-at="2025-04-11T11:53:08 IST" name="teardown" finished-at="2025-04-11T11:53:08 IST" duration-ms="306" status="PASS">
          <reporter-output>
          </reporter-output>
        </test-method> <!-- teardown -->
      </class> <!-- TD.regression.TestSetUp -->
    </test> <!-- Default test -->
  </suite> <!-- Default suite -->
</testng-results>
